<?xml version="1.0" encoding="UTF-8"?>
<!-- Generated by org.testng.reporters.JUnitReportReporter -->
<testsuite hostname="LAPTOP-GVB4LQ78" failures="0" tests="1" name="testcases.HomePageTest" time="4.526" errors="0" timestamp="2024-10-20T20:27:35 BST" skipped="0">
  <testcase classname="testcases.HomePageTest" name="TC03_someName" time="4.526"/>
  <system-out/>
</testsuite> <!-- testcases.HomePageTest -->
