<?xml version="1.0" encoding="UTF-8"?>
<!-- Generated by org.testng.reporters.JUnitReportReporter -->
<testsuite hostname="LAPTOP-GVB4LQ78" failures="0" tests="5" name="testcases.LoginTest" time="49.873" errors="0" timestamp="2024-10-20T20:51:24 BST" skipped="0">
  <testcase classname="testcases.LoginTest" name="TC01_LoginFailureTest" time="9.606"/>
  <system-out/>
  <testcase classname="testcases.LoginTest" name="TC04_LoginSuccessTest" time="9.476"/>
  <system-out/>
  <testcase classname="testcases.LoginTest" name="TC04_LoginSuccessTest" time="9.464"/>
  <system-out/>
  <testcase classname="testcases.LoginTest" name="TC04_LoginSuccessTest" time="10.180"/>
  <system-out/>
  <testcase classname="testcases.LoginTest" name="TC02_LoginSuccessTest" time="11.147"/>
  <system-out/>
</testsuite> <!-- testcases.LoginTest -->
