<?xml version="1.0" encoding="UTF-8"?>
<!-- Generated by org.testng.reporters.JUnitReportReporter -->
<testsuite hostname="LAPTOP-GVB4LQ78" failures="0" tests="1" name="testcases.HomePageTest" time="5.941" errors="0" timestamp="20 Oct 2024 20:17:13 GMT" skipped="0">
  <testcase classname="testcases.HomePageTest" name="TC03_someName" time="5.941"/>
</testsuite> <!-- testcases.HomePageTest -->
