<?xml version="1.0" encoding="UTF-8"?>
<!-- Generated by org.testng.reporters.JUnitReportReporter -->
<testsuite hostname="LAPTOP-GVB4LQ78" failures="0" tests="5" name="testcases.LoginTest" time="51.089" errors="0" timestamp="20 Oct 2024 20:17:13 GMT" skipped="0">
  <testcase classname="testcases.LoginTest" name="TC04_LoginSuccessTest" time="11.091"/>
  <testcase classname="testcases.LoginTest" name="TC04_LoginSuccessTest" time="10.365"/>
  <testcase classname="testcases.LoginTest" name="TC04_LoginSuccessTest" time="10.066"/>
  <testcase classname="testcases.LoginTest" name="TC01_LoginFailureTest" time="10.447"/>
  <testcase classname="testcases.LoginTest" name="TC02_LoginSuccessTest" time="9.120"/>
</testsuite> <!-- testcases.LoginTest -->
